2020-07-14 10:53:48.405 [main] DEBUG com.junction.CameraServerApplication - Running with Spring Boot v2.2.2.RELEASE, Spring v5.2.2.RELEASE
2020-07-14 10:54:20.856 [main] DEBUG com.junction.CameraServerApplication - Running with Spring Boot v2.2.2.RELEASE, Spring v5.2.2.RELEASE
2020-07-14 10:56:32.879 [main] DEBUG com.junction.CameraServerApplication - Running with Spring Boot v2.2.2.RELEASE, Spring v5.2.2.RELEASE
2020-07-14 10:57:39.961 [main] DEBUG com.junction.CameraServerApplication - Running with Spring Boot v2.2.2.RELEASE, Spring v5.2.2.RELEASE
2020-07-14 10:57:43.337 [main] DEBUG com.junction.CameraServerApplication - Running with Spring Boot v2.2.2.RELEASE, Spring v5.2.2.RELEASE
2020-07-14 11:00:34.735 [main] DEBUG com.junction.CameraServerApplication - Running with Spring Boot v2.2.2.RELEASE, Spring v5.2.2.RELEASE
2020-07-14 11:01:03.426 [pool-1-thread-1] DEBUG com.junction.util.CameraPush - ******   TCPCheck    BEGIN   ******
2020-07-14 11:01:03.428 [pool-1-thread-1] DEBUG com.junction.util.CameraPush - ******   TCPCheck    END     ******
2020-07-14 11:01:03.429 [pool-1-thread-1] DEBUG com.junction.util.CameraPush - ******   grabber.start()    BEGIN   ******
2020-07-14 11:01:03.660 [pool-1-thread-1] DEBUG com.junction.util.CameraPush - ******   grabber.start()    END     ******
2020-07-14 11:02:00.008 [pool-1-thread-1] DEBUG com.junction.util.CameraPush - ******   TCPCheck    BEGIN   ******
2020-07-14 11:02:00.009 [pool-1-thread-1] DEBUG com.junction.util.CameraPush - ******   TCPCheck    END     ******
2020-07-14 11:02:00.009 [pool-1-thread-1] DEBUG com.junction.util.CameraPush - ******   grabber.start()    BEGIN   ******
2020-07-14 11:02:00.226 [pool-1-thread-1] DEBUG com.junction.util.CameraPush - ******   grabber.start()    END     ******
2020-07-14 11:03:13.417 [main] DEBUG com.junction.CameraServerApplication - Running with Spring Boot v2.2.2.RELEASE, Spring v5.2.2.RELEASE
2020-07-14 11:04:24.878 [main] DEBUG com.junction.CameraServerApplication - Running with Spring Boot v2.2.2.RELEASE, Spring v5.2.2.RELEASE
2020-07-14 11:05:03.331 [pool-1-thread-1] DEBUG com.junction.util.CameraPush - ******   TCPCheck    BEGIN   ******
2020-07-14 11:05:03.333 [pool-1-thread-1] DEBUG com.junction.util.CameraPush - ******   TCPCheck    END     ******
2020-07-14 11:05:03.333 [pool-1-thread-1] DEBUG com.junction.util.CameraPush - ******   grabber.start()    BEGIN   ******
2020-07-14 11:05:03.591 [pool-1-thread-1] DEBUG com.junction.util.CameraPush - ******   grabber.start()    END     ******
2020-07-14 11:11:38.220 [main] DEBUG com.junction.CameraServerApplication - Running with Spring Boot v2.2.2.RELEASE, Spring v5.2.2.RELEASE
2020-07-14 11:12:03.316 [pool-1-thread-1] DEBUG com.junction.util.CameraPush - ******   TCPCheck    BEGIN   ******
2020-07-14 11:12:03.318 [pool-1-thread-1] DEBUG com.junction.util.CameraPush - ******   TCPCheck    END     ******
2020-07-14 11:12:03.318 [pool-1-thread-1] DEBUG com.junction.util.CameraPush - ******   grabber.start()    BEGIN   ******
2020-07-14 11:12:03.575 [pool-1-thread-1] DEBUG com.junction.util.CameraPush - ******   grabber.start()    END     ******
2020-07-14 11:16:00.007 [pool-1-thread-2] DEBUG com.junction.util.CameraPush - ******   TCPCheck    BEGIN   ******
2020-07-14 11:16:00.007 [pool-1-thread-2] DEBUG com.junction.util.CameraPush - ******   TCPCheck    END     ******
2020-07-14 11:16:00.007 [pool-1-thread-2] DEBUG com.junction.util.CameraPush - ******   grabber.start()    BEGIN   ******
2020-07-14 11:16:00.181 [pool-1-thread-2] DEBUG com.junction.util.CameraPush - ******   grabber.start()    END     ******
2020-07-14 11:36:11.881 [main] DEBUG com.junction.CameraServerApplication - Running with Spring Boot v2.2.2.RELEASE, Spring v5.2.2.RELEASE
2020-07-14 11:36:23.029 [main] DEBUG com.junction.CameraServerApplication - Running with Spring Boot v2.2.2.RELEASE, Spring v5.2.2.RELEASE
2020-07-14 11:37:03.454 [pool-1-thread-1] DEBUG com.junction.util.CameraPush - ******   TCPCheck    BEGIN   ******
2020-07-14 11:37:03.456 [pool-1-thread-1] DEBUG com.junction.util.CameraPush - ******   TCPCheck    END     ******
2020-07-14 11:37:03.456 [pool-1-thread-1] DEBUG com.junction.util.CameraPush - ******   grabber.start()    BEGIN   ******
2020-07-14 11:37:03.770 [pool-1-thread-1] DEBUG com.junction.util.CameraPush - ******   grabber.start()    END     ******
2020-07-14 11:39:00.006 [pool-1-thread-1] DEBUG com.junction.util.CameraPush - ******   TCPCheck    BEGIN   ******
2020-07-14 11:39:00.008 [pool-1-thread-1] DEBUG com.junction.util.CameraPush - ******   TCPCheck    END     ******
2020-07-14 11:39:00.008 [pool-1-thread-1] DEBUG com.junction.util.CameraPush - ******   grabber.start()    BEGIN   ******
2020-07-14 11:39:00.126 [pool-1-thread-1] DEBUG com.junction.util.CameraPush - ******   grabber.start()    END     ******
2020-07-14 11:40:47.512 [main] DEBUG com.junction.CameraServerApplication - Running with Spring Boot v2.2.2.RELEASE, Spring v5.2.2.RELEASE
2020-07-14 11:41:03.341 [pool-1-thread-1] DEBUG com.junction.util.CameraPush - ******   TCPCheck    BEGIN   ******
2020-07-14 11:41:03.343 [pool-1-thread-1] DEBUG com.junction.util.CameraPush - ******   TCPCheck    END     ******
2020-07-14 11:41:03.343 [pool-1-thread-1] DEBUG com.junction.util.CameraPush - ******   grabber.start()    BEGIN   ******
2020-07-14 11:41:03.682 [pool-1-thread-1] DEBUG com.junction.util.CameraPush - ******   grabber.start()    END     ******
2020-07-14 11:44:29.203 [main] DEBUG com.junction.CameraServerApplication - Running with Spring Boot v2.2.2.RELEASE, Spring v5.2.2.RELEASE
2020-07-14 11:45:15.853 [pool-1-thread-1] DEBUG com.junction.util.CameraPush - ******   TCPCheck    BEGIN   ******
2020-07-14 11:45:15.855 [pool-1-thread-1] DEBUG com.junction.util.CameraPush - ******   TCPCheck    END     ******
2020-07-14 11:45:15.855 [pool-1-thread-1] DEBUG com.junction.util.CameraPush - ******   grabber.start()    BEGIN   ******
2020-07-14 11:45:16.131 [pool-1-thread-1] DEBUG com.junction.util.CameraPush - ******   grabber.start()    END     ******
2020-07-14 11:49:21.268 [main] DEBUG com.junction.CameraServerApplication - Running with Spring Boot v2.2.2.RELEASE, Spring v5.2.2.RELEASE
2020-07-14 11:50:03.315 [pool-1-thread-1] DEBUG com.junction.util.CameraPush - ******   TCPCheck    BEGIN   ******
2020-07-14 11:50:03.317 [pool-1-thread-1] DEBUG com.junction.util.CameraPush - ******   TCPCheck    END     ******
2020-07-14 11:50:03.317 [pool-1-thread-1] DEBUG com.junction.util.CameraPush - ******   grabber.start()    BEGIN   ******
2020-07-14 11:50:03.584 [pool-1-thread-1] DEBUG com.junction.util.CameraPush - ******   grabber.start()    END     ******
2020-07-14 12:01:09.322 [main] DEBUG com.junction.CameraServerApplication - Running with Spring Boot v2.2.2.RELEASE, Spring v5.2.2.RELEASE
2020-07-14 12:02:03.335 [pool-1-thread-1] DEBUG com.junction.util.CameraPush - ******   TCPCheck    BEGIN   ******
2020-07-14 12:02:03.337 [pool-1-thread-1] DEBUG com.junction.util.CameraPush - ******   TCPCheck    END     ******
2020-07-14 12:02:03.337 [pool-1-thread-1] DEBUG com.junction.util.CameraPush - ******   grabber.start()    BEGIN   ******
2020-07-14 12:02:03.577 [pool-1-thread-1] DEBUG com.junction.util.CameraPush - ******   grabber.start()    END     ******
2020-07-14 12:04:00.006 [pool-1-thread-1] DEBUG com.junction.util.CameraPush - ******   TCPCheck    BEGIN   ******
2020-07-14 12:04:00.007 [pool-1-thread-1] DEBUG com.junction.util.CameraPush - ******   TCPCheck    END     ******
2020-07-14 12:04:00.008 [pool-1-thread-1] DEBUG com.junction.util.CameraPush - ******   grabber.start()    BEGIN   ******
2020-07-14 12:04:00.132 [pool-1-thread-1] DEBUG com.junction.util.CameraPush - ******   grabber.start()    END     ******
2020-07-14 12:06:00.009 [pool-1-thread-1] DEBUG com.junction.util.CameraPush - ******   TCPCheck    BEGIN   ******
2020-07-14 12:06:00.010 [pool-1-thread-1] DEBUG com.junction.util.CameraPush - ******   TCPCheck    END     ******
2020-07-14 12:06:00.010 [pool-1-thread-1] DEBUG com.junction.util.CameraPush - ******   grabber.start()    BEGIN   ******
2020-07-14 12:06:00.135 [pool-1-thread-1] DEBUG com.junction.util.CameraPush - ******   grabber.start()    END     ******
2020-07-14 12:08:00.010 [pool-1-thread-1] DEBUG com.junction.util.CameraPush - ******   TCPCheck    BEGIN   ******
2020-07-14 12:08:00.011 [pool-1-thread-1] DEBUG com.junction.util.CameraPush - ******   TCPCheck    END     ******
2020-07-14 12:08:00.011 [pool-1-thread-1] DEBUG com.junction.util.CameraPush - ******   grabber.start()    BEGIN   ******
2020-07-14 12:08:00.156 [pool-1-thread-1] DEBUG com.junction.util.CameraPush - ******   grabber.start()    END     ******
2020-07-14 12:10:00.007 [pool-1-thread-1] DEBUG com.junction.util.CameraPush - ******   TCPCheck    BEGIN   ******
2020-07-14 12:10:00.008 [pool-1-thread-1] DEBUG com.junction.util.CameraPush - ******   TCPCheck    END     ******
2020-07-14 12:10:00.008 [pool-1-thread-1] DEBUG com.junction.util.CameraPush - ******   grabber.start()    BEGIN   ******
2020-07-14 12:10:00.152 [pool-1-thread-1] DEBUG com.junction.util.CameraPush - ******   grabber.start()    END     ******
2020-07-14 12:12:00.009 [pool-1-thread-1] DEBUG com.junction.util.CameraPush - ******   TCPCheck    BEGIN   ******
2020-07-14 12:12:00.011 [pool-1-thread-1] DEBUG com.junction.util.CameraPush - ******   TCPCheck    END     ******
2020-07-14 12:12:00.011 [pool-1-thread-1] DEBUG com.junction.util.CameraPush - ******   grabber.start()    BEGIN   ******
2020-07-14 12:12:00.145 [pool-1-thread-1] DEBUG com.junction.util.CameraPush - ******   grabber.start()    END     ******
2020-07-14 12:14:00.008 [pool-1-thread-1] DEBUG com.junction.util.CameraPush - ******   TCPCheck    BEGIN   ******
2020-07-14 12:14:00.009 [pool-1-thread-1] DEBUG com.junction.util.CameraPush - ******   TCPCheck    END     ******
2020-07-14 12:14:00.010 [pool-1-thread-1] DEBUG com.junction.util.CameraPush - ******   grabber.start()    BEGIN   ******
2020-07-14 12:14:00.218 [pool-1-thread-1] DEBUG com.junction.util.CameraPush - ******   grabber.start()    END     ******
2020-07-14 12:16:00.009 [pool-1-thread-1] DEBUG com.junction.util.CameraPush - ******   TCPCheck    BEGIN   ******
2020-07-14 12:16:00.010 [pool-1-thread-1] DEBUG com.junction.util.CameraPush - ******   TCPCheck    END     ******
2020-07-14 12:16:00.010 [pool-1-thread-1] DEBUG com.junction.util.CameraPush - ******   grabber.start()    BEGIN   ******
2020-07-14 12:16:00.183 [pool-1-thread-1] DEBUG com.junction.util.CameraPush - ******   grabber.start()    END     ******
2020-07-14 12:18:00.004 [pool-1-thread-1] DEBUG com.junction.util.CameraPush - ******   TCPCheck    BEGIN   ******
2020-07-14 12:18:00.005 [pool-1-thread-1] DEBUG com.junction.util.CameraPush - ******   TCPCheck    END     ******
2020-07-14 12:18:00.005 [pool-1-thread-1] DEBUG com.junction.util.CameraPush - ******   grabber.start()    BEGIN   ******
2020-07-14 12:18:00.157 [pool-1-thread-1] DEBUG com.junction.util.CameraPush - ******   grabber.start()    END     ******
2020-07-14 12:20:00.005 [pool-1-thread-1] DEBUG com.junction.util.CameraPush - ******   TCPCheck    BEGIN   ******
2020-07-14 12:20:00.006 [pool-1-thread-1] DEBUG com.junction.util.CameraPush - ******   TCPCheck    END     ******
2020-07-14 12:20:00.006 [pool-1-thread-1] DEBUG com.junction.util.CameraPush - ******   grabber.start()    BEGIN   ******
2020-07-14 12:20:00.147 [pool-1-thread-1] DEBUG com.junction.util.CameraPush - ******   grabber.start()    END     ******
2020-07-14 12:22:00.005 [pool-1-thread-1] DEBUG com.junction.util.CameraPush - ******   TCPCheck    BEGIN   ******
2020-07-14 12:22:00.007 [pool-1-thread-1] DEBUG com.junction.util.CameraPush - ******   TCPCheck    END     ******
2020-07-14 12:22:00.007 [pool-1-thread-1] DEBUG com.junction.util.CameraPush - ******   grabber.start()    BEGIN   ******
2020-07-14 12:22:00.243 [pool-1-thread-1] DEBUG com.junction.util.CameraPush - ******   grabber.start()    END     ******
2020-07-14 12:24:00.005 [pool-1-thread-1] DEBUG com.junction.util.CameraPush - ******   TCPCheck    BEGIN   ******
2020-07-14 12:24:00.006 [pool-1-thread-1] DEBUG com.junction.util.CameraPush - ******   TCPCheck    END     ******
2020-07-14 12:24:00.006 [pool-1-thread-1] DEBUG com.junction.util.CameraPush - ******   grabber.start()    BEGIN   ******
2020-07-14 12:24:00.207 [pool-1-thread-1] DEBUG com.junction.util.CameraPush - ******   grabber.start()    END     ******
2020-07-14 12:26:00.006 [pool-1-thread-1] DEBUG com.junction.util.CameraPush - ******   TCPCheck    BEGIN   ******
2020-07-14 12:27:00.005 [pool-1-thread-1] DEBUG com.junction.util.CameraPush - ******   TCPCheck    BEGIN   ******
2020-07-14 12:27:00.007 [pool-1-thread-1] DEBUG com.junction.util.CameraPush - ******   TCPCheck    END     ******
2020-07-14 12:27:00.007 [pool-1-thread-1] DEBUG com.junction.util.CameraPush - ******   grabber.start()    BEGIN   ******
2020-07-14 12:27:00.748 [pool-1-thread-1] DEBUG com.junction.util.CameraPush - ******   grabber.start()    END     ******
2020-07-14 12:29:00.005 [pool-1-thread-1] DEBUG com.junction.util.CameraPush - ******   TCPCheck    BEGIN   ******
2020-07-14 12:29:00.006 [pool-1-thread-1] DEBUG com.junction.util.CameraPush - ******   TCPCheck    END     ******
2020-07-14 12:29:00.006 [pool-1-thread-1] DEBUG com.junction.util.CameraPush - ******   grabber.start()    BEGIN   ******
2020-07-14 12:29:00.184 [pool-1-thread-1] DEBUG com.junction.util.CameraPush - ******   grabber.start()    END     ******
2020-07-14 12:31:00.005 [pool-1-thread-1] DEBUG com.junction.util.CameraPush - ******   TCPCheck    BEGIN   ******
2020-07-14 12:31:00.006 [pool-1-thread-1] DEBUG com.junction.util.CameraPush - ******   TCPCheck    END     ******
2020-07-14 12:31:00.006 [pool-1-thread-1] DEBUG com.junction.util.CameraPush - ******   grabber.start()    BEGIN   ******
2020-07-14 12:31:00.186 [pool-1-thread-1] DEBUG com.junction.util.CameraPush - ******   grabber.start()    END     ******
2020-07-14 12:33:00.005 [pool-1-thread-1] DEBUG com.junction.util.CameraPush - ******   TCPCheck    BEGIN   ******
2020-07-14 12:33:00.006 [pool-1-thread-1] DEBUG com.junction.util.CameraPush - ******   TCPCheck    END     ******
2020-07-14 12:33:00.006 [pool-1-thread-1] DEBUG com.junction.util.CameraPush - ******   grabber.start()    BEGIN   ******
2020-07-14 12:33:00.230 [pool-1-thread-1] DEBUG com.junction.util.CameraPush - ******   grabber.start()    END     ******
2020-07-14 12:35:00.006 [pool-1-thread-1] DEBUG com.junction.util.CameraPush - ******   TCPCheck    BEGIN   ******
2020-07-14 12:35:00.007 [pool-1-thread-1] DEBUG com.junction.util.CameraPush - ******   TCPCheck    END     ******
2020-07-14 12:35:00.007 [pool-1-thread-1] DEBUG com.junction.util.CameraPush - ******   grabber.start()    BEGIN   ******
2020-07-14 12:35:00.232 [pool-1-thread-1] DEBUG com.junction.util.CameraPush - ******   grabber.start()    END     ******
2020-07-14 12:37:00.005 [pool-1-thread-1] DEBUG com.junction.util.CameraPush - ******   TCPCheck    BEGIN   ******
2020-07-14 12:37:00.005 [pool-1-thread-1] DEBUG com.junction.util.CameraPush - ******   TCPCheck    END     ******
2020-07-14 12:37:00.005 [pool-1-thread-1] DEBUG com.junction.util.CameraPush - ******   grabber.start()    BEGIN   ******
2020-07-14 12:37:00.147 [pool-1-thread-1] DEBUG com.junction.util.CameraPush - ******   grabber.start()    END     ******
2020-07-14 12:39:00.005 [pool-1-thread-1] DEBUG com.junction.util.CameraPush - ******   TCPCheck    BEGIN   ******
2020-07-14 12:39:00.007 [pool-1-thread-1] DEBUG com.junction.util.CameraPush - ******   TCPCheck    END     ******
2020-07-14 12:39:00.007 [pool-1-thread-1] DEBUG com.junction.util.CameraPush - ******   grabber.start()    BEGIN   ******
2020-07-14 12:39:00.290 [pool-1-thread-1] DEBUG com.junction.util.CameraPush - ******   grabber.start()    END     ******
2020-07-14 12:41:00.005 [pool-1-thread-1] DEBUG com.junction.util.CameraPush - ******   TCPCheck    BEGIN   ******
2020-07-14 12:41:00.006 [pool-1-thread-1] DEBUG com.junction.util.CameraPush - ******   TCPCheck    END     ******
2020-07-14 12:41:00.006 [pool-1-thread-1] DEBUG com.junction.util.CameraPush - ******   grabber.start()    BEGIN   ******
2020-07-14 12:41:00.183 [pool-1-thread-1] DEBUG com.junction.util.CameraPush - ******   grabber.start()    END     ******
2020-07-14 12:43:00.011 [pool-1-thread-1] DEBUG com.junction.util.CameraPush - ******   TCPCheck    BEGIN   ******
2020-07-14 12:43:00.012 [pool-1-thread-1] DEBUG com.junction.util.CameraPush - ******   TCPCheck    END     ******
2020-07-14 12:43:00.012 [pool-1-thread-1] DEBUG com.junction.util.CameraPush - ******   grabber.start()    BEGIN   ******
2020-07-14 12:43:00.147 [pool-1-thread-1] DEBUG com.junction.util.CameraPush - ******   grabber.start()    END     ******
2020-07-14 12:45:00.004 [pool-1-thread-1] DEBUG com.junction.util.CameraPush - ******   TCPCheck    BEGIN   ******
2020-07-14 12:45:00.005 [pool-1-thread-1] DEBUG com.junction.util.CameraPush - ******   TCPCheck    END     ******
2020-07-14 12:45:00.005 [pool-1-thread-1] DEBUG com.junction.util.CameraPush - ******   grabber.start()    BEGIN   ******
2020-07-14 12:45:00.209 [pool-1-thread-1] DEBUG com.junction.util.CameraPush - ******   grabber.start()    END     ******
2020-07-14 12:47:00.005 [pool-1-thread-1] DEBUG com.junction.util.CameraPush - ******   TCPCheck    BEGIN   ******
2020-07-14 12:47:00.006 [pool-1-thread-1] DEBUG com.junction.util.CameraPush - ******   TCPCheck    END     ******
2020-07-14 12:47:00.006 [pool-1-thread-1] DEBUG com.junction.util.CameraPush - ******   grabber.start()    BEGIN   ******
2020-07-14 12:47:00.213 [pool-1-thread-1] DEBUG com.junction.util.CameraPush - ******   grabber.start()    END     ******
2020-07-14 12:49:00.005 [pool-1-thread-1] DEBUG com.junction.util.CameraPush - ******   TCPCheck    BEGIN   ******
2020-07-14 12:49:00.006 [pool-1-thread-1] DEBUG com.junction.util.CameraPush - ******   TCPCheck    END     ******
2020-07-14 12:49:00.006 [pool-1-thread-1] DEBUG com.junction.util.CameraPush - ******   grabber.start()    BEGIN   ******
2020-07-14 12:49:00.207 [pool-1-thread-1] DEBUG com.junction.util.CameraPush - ******   grabber.start()    END     ******
2020-07-14 12:51:00.004 [pool-1-thread-1] DEBUG com.junction.util.CameraPush - ******   TCPCheck    BEGIN   ******
2020-07-14 12:51:00.005 [pool-1-thread-1] DEBUG com.junction.util.CameraPush - ******   TCPCheck    END     ******
2020-07-14 12:51:00.005 [pool-1-thread-1] DEBUG com.junction.util.CameraPush - ******   grabber.start()    BEGIN   ******
2020-07-14 12:51:00.201 [pool-1-thread-1] DEBUG com.junction.util.CameraPush - ******   grabber.start()    END     ******
2020-07-14 12:53:00.005 [pool-1-thread-1] DEBUG com.junction.util.CameraPush - ******   TCPCheck    BEGIN   ******
2020-07-14 12:53:00.006 [pool-1-thread-1] DEBUG com.junction.util.CameraPush - ******   TCPCheck    END     ******
2020-07-14 12:53:00.006 [pool-1-thread-1] DEBUG com.junction.util.CameraPush - ******   grabber.start()    BEGIN   ******
2020-07-14 12:53:00.234 [pool-1-thread-1] DEBUG com.junction.util.CameraPush - ******   grabber.start()    END     ******
2020-07-14 12:55:00.004 [pool-1-thread-1] DEBUG com.junction.util.CameraPush - ******   TCPCheck    BEGIN   ******
2020-07-14 12:55:00.005 [pool-1-thread-1] DEBUG com.junction.util.CameraPush - ******   TCPCheck    END     ******
2020-07-14 12:55:00.005 [pool-1-thread-1] DEBUG com.junction.util.CameraPush - ******   grabber.start()    BEGIN   ******
2020-07-14 12:55:00.209 [pool-1-thread-1] DEBUG com.junction.util.CameraPush - ******   grabber.start()    END     ******
2020-07-14 12:57:00.005 [pool-1-thread-1] DEBUG com.junction.util.CameraPush - ******   TCPCheck    BEGIN   ******
2020-07-14 12:57:00.007 [pool-1-thread-1] DEBUG com.junction.util.CameraPush - ******   TCPCheck    END     ******
2020-07-14 12:57:00.007 [pool-1-thread-1] DEBUG com.junction.util.CameraPush - ******   grabber.start()    BEGIN   ******
2020-07-14 12:57:00.212 [pool-1-thread-1] DEBUG com.junction.util.CameraPush - ******   grabber.start()    END     ******
2020-07-14 12:59:00.007 [pool-1-thread-1] DEBUG com.junction.util.CameraPush - ******   TCPCheck    BEGIN   ******
2020-07-14 12:59:00.008 [pool-1-thread-1] DEBUG com.junction.util.CameraPush - ******   TCPCheck    END     ******
2020-07-14 12:59:00.008 [pool-1-thread-1] DEBUG com.junction.util.CameraPush - ******   grabber.start()    BEGIN   ******
2020-07-14 12:59:00.206 [pool-1-thread-1] DEBUG com.junction.util.CameraPush - ******   grabber.start()    END     ******
2020-07-14 13:01:00.005 [pool-1-thread-1] DEBUG com.junction.util.CameraPush - ******   TCPCheck    BEGIN   ******
2020-07-14 13:01:00.006 [pool-1-thread-1] DEBUG com.junction.util.CameraPush - ******   TCPCheck    END     ******
2020-07-14 13:01:00.006 [pool-1-thread-1] DEBUG com.junction.util.CameraPush - ******   grabber.start()    BEGIN   ******
2020-07-14 13:01:00.206 [pool-1-thread-1] DEBUG com.junction.util.CameraPush - ******   grabber.start()    END     ******
2020-07-14 13:03:00.005 [pool-1-thread-1] DEBUG com.junction.util.CameraPush - ******   TCPCheck    BEGIN   ******
2020-07-14 13:03:00.006 [pool-1-thread-1] DEBUG com.junction.util.CameraPush - ******   TCPCheck    END     ******
2020-07-14 13:03:00.006 [pool-1-thread-1] DEBUG com.junction.util.CameraPush - ******   grabber.start()    BEGIN   ******
2020-07-14 13:03:00.164 [pool-1-thread-1] DEBUG com.junction.util.CameraPush - ******   grabber.start()    END     ******
2020-07-14 13:05:00.004 [pool-1-thread-1] DEBUG com.junction.util.CameraPush - ******   TCPCheck    BEGIN   ******
2020-07-14 13:05:00.005 [pool-1-thread-1] DEBUG com.junction.util.CameraPush - ******   TCPCheck    END     ******
2020-07-14 13:05:00.005 [pool-1-thread-1] DEBUG com.junction.util.CameraPush - ******   grabber.start()    BEGIN   ******
2020-07-14 13:05:00.192 [pool-1-thread-1] DEBUG com.junction.util.CameraPush - ******   grabber.start()    END     ******
2020-07-14 13:07:00.005 [pool-1-thread-1] DEBUG com.junction.util.CameraPush - ******   TCPCheck    BEGIN   ******
2020-07-14 13:07:00.005 [pool-1-thread-1] DEBUG com.junction.util.CameraPush - ******   TCPCheck    END     ******
2020-07-14 13:07:00.005 [pool-1-thread-1] DEBUG com.junction.util.CameraPush - ******   grabber.start()    BEGIN   ******
2020-07-14 13:07:00.210 [pool-1-thread-1] DEBUG com.junction.util.CameraPush - ******   grabber.start()    END     ******
2020-07-14 13:09:00.005 [pool-1-thread-1] DEBUG com.junction.util.CameraPush - ******   TCPCheck    BEGIN   ******
2020-07-14 13:09:00.006 [pool-1-thread-1] DEBUG com.junction.util.CameraPush - ******   TCPCheck    END     ******
2020-07-14 13:09:00.006 [pool-1-thread-1] DEBUG com.junction.util.CameraPush - ******   grabber.start()    BEGIN   ******
2020-07-14 13:09:00.205 [pool-1-thread-1] DEBUG com.junction.util.CameraPush - ******   grabber.start()    END     ******
2020-07-14 13:11:00.004 [pool-1-thread-1] DEBUG com.junction.util.CameraPush - ******   TCPCheck    BEGIN   ******
2020-07-14 13:11:00.005 [pool-1-thread-1] DEBUG com.junction.util.CameraPush - ******   TCPCheck    END     ******
2020-07-14 13:11:00.005 [pool-1-thread-1] DEBUG com.junction.util.CameraPush - ******   grabber.start()    BEGIN   ******
2020-07-14 13:11:00.218 [pool-1-thread-1] DEBUG com.junction.util.CameraPush - ******   grabber.start()    END     ******
2020-07-14 13:13:00.004 [pool-1-thread-1] DEBUG com.junction.util.CameraPush - ******   TCPCheck    BEGIN   ******
2020-07-14 13:13:00.005 [pool-1-thread-1] DEBUG com.junction.util.CameraPush - ******   TCPCheck    END     ******
2020-07-14 13:13:00.005 [pool-1-thread-1] DEBUG com.junction.util.CameraPush - ******   grabber.start()    BEGIN   ******
2020-07-14 13:13:00.163 [pool-1-thread-1] DEBUG com.junction.util.CameraPush - ******   grabber.start()    END     ******
2020-07-14 13:15:00.006 [pool-1-thread-1] DEBUG com.junction.util.CameraPush - ******   TCPCheck    BEGIN   ******
2020-07-14 13:15:00.007 [pool-1-thread-1] DEBUG com.junction.util.CameraPush - ******   TCPCheck    END     ******
2020-07-14 13:15:00.007 [pool-1-thread-1] DEBUG com.junction.util.CameraPush - ******   grabber.start()    BEGIN   ******
2020-07-14 13:15:00.147 [pool-1-thread-1] DEBUG com.junction.util.CameraPush - ******   grabber.start()    END     ******
2020-07-14 13:17:00.009 [pool-1-thread-1] DEBUG com.junction.util.CameraPush - ******   TCPCheck    BEGIN   ******
2020-07-14 13:17:00.010 [pool-1-thread-1] DEBUG com.junction.util.CameraPush - ******   TCPCheck    END     ******
2020-07-14 13:17:00.010 [pool-1-thread-1] DEBUG com.junction.util.CameraPush - ******   grabber.start()    BEGIN   ******
2020-07-14 13:17:00.160 [pool-1-thread-1] DEBUG com.junction.util.CameraPush - ******   grabber.start()    END     ******
2020-07-14 13:19:00.005 [pool-1-thread-1] DEBUG com.junction.util.CameraPush - ******   TCPCheck    BEGIN   ******
2020-07-14 13:19:00.007 [pool-1-thread-1] DEBUG com.junction.util.CameraPush - ******   TCPCheck    END     ******
2020-07-14 13:19:00.007 [pool-1-thread-1] DEBUG com.junction.util.CameraPush - ******   grabber.start()    BEGIN   ******
2020-07-14 13:19:00.224 [pool-1-thread-1] DEBUG com.junction.util.CameraPush - ******   grabber.start()    END     ******
2020-07-14 13:21:00.004 [pool-1-thread-1] DEBUG com.junction.util.CameraPush - ******   TCPCheck    BEGIN   ******
2020-07-14 13:21:00.008 [pool-1-thread-1] DEBUG com.junction.util.CameraPush - ******   TCPCheck    END     ******
2020-07-14 13:21:00.009 [pool-1-thread-1] DEBUG com.junction.util.CameraPush - ******   grabber.start()    BEGIN   ******
2020-07-14 13:21:00.188 [pool-1-thread-1] DEBUG com.junction.util.CameraPush - ******   grabber.start()    END     ******
2020-07-14 13:23:00.007 [pool-1-thread-1] DEBUG com.junction.util.CameraPush - ******   TCPCheck    BEGIN   ******
2020-07-14 13:23:00.007 [pool-1-thread-1] DEBUG com.junction.util.CameraPush - ******   TCPCheck    END     ******
2020-07-14 13:23:00.007 [pool-1-thread-1] DEBUG com.junction.util.CameraPush - ******   grabber.start()    BEGIN   ******
2020-07-14 13:23:00.220 [pool-1-thread-1] DEBUG com.junction.util.CameraPush - ******   grabber.start()    END     ******
2020-07-14 13:25:00.005 [pool-1-thread-1] DEBUG com.junction.util.CameraPush - ******   TCPCheck    BEGIN   ******
2020-07-14 13:25:00.006 [pool-1-thread-1] DEBUG com.junction.util.CameraPush - ******   TCPCheck    END     ******
2020-07-14 13:25:00.006 [pool-1-thread-1] DEBUG com.junction.util.CameraPush - ******   grabber.start()    BEGIN   ******
2020-07-14 13:25:00.224 [pool-1-thread-1] DEBUG com.junction.util.CameraPush - ******   grabber.start()    END     ******
2020-07-14 13:27:00.005 [pool-1-thread-1] DEBUG com.junction.util.CameraPush - ******   TCPCheck    BEGIN   ******
2020-07-14 13:27:00.006 [pool-1-thread-1] DEBUG com.junction.util.CameraPush - ******   TCPCheck    END     ******
2020-07-14 13:27:00.006 [pool-1-thread-1] DEBUG com.junction.util.CameraPush - ******   grabber.start()    BEGIN   ******
2020-07-14 13:27:00.218 [pool-1-thread-1] DEBUG com.junction.util.CameraPush - ******   grabber.start()    END     ******
2020-07-14 13:29:00.004 [pool-1-thread-1] DEBUG com.junction.util.CameraPush - ******   TCPCheck    BEGIN   ******
2020-07-14 13:29:00.005 [pool-1-thread-1] DEBUG com.junction.util.CameraPush - ******   TCPCheck    END     ******
2020-07-14 13:29:00.005 [pool-1-thread-1] DEBUG com.junction.util.CameraPush - ******   grabber.start()    BEGIN   ******
2020-07-14 13:29:00.186 [pool-1-thread-1] DEBUG com.junction.util.CameraPush - ******   grabber.start()    END     ******
2020-07-14 13:31:00.004 [pool-1-thread-1] DEBUG com.junction.util.CameraPush - ******   TCPCheck    BEGIN   ******
2020-07-14 13:31:00.005 [pool-1-thread-1] DEBUG com.junction.util.CameraPush - ******   TCPCheck    END     ******
2020-07-14 13:31:00.005 [pool-1-thread-1] DEBUG com.junction.util.CameraPush - ******   grabber.start()    BEGIN   ******
2020-07-14 13:31:00.185 [pool-1-thread-1] DEBUG com.junction.util.CameraPush - ******   grabber.start()    END     ******
2020-07-14 13:33:00.004 [pool-1-thread-1] DEBUG com.junction.util.CameraPush - ******   TCPCheck    BEGIN   ******
2020-07-14 13:33:00.006 [pool-1-thread-1] DEBUG com.junction.util.CameraPush - ******   TCPCheck    END     ******
2020-07-14 13:33:00.006 [pool-1-thread-1] DEBUG com.junction.util.CameraPush - ******   grabber.start()    BEGIN   ******
2020-07-14 13:33:00.189 [pool-1-thread-1] DEBUG com.junction.util.CameraPush - ******   grabber.start()    END     ******
2020-07-14 13:35:00.005 [pool-1-thread-1] DEBUG com.junction.util.CameraPush - ******   TCPCheck    BEGIN   ******
2020-07-14 13:35:00.006 [pool-1-thread-1] DEBUG com.junction.util.CameraPush - ******   TCPCheck    END     ******
2020-07-14 13:35:00.006 [pool-1-thread-1] DEBUG com.junction.util.CameraPush - ******   grabber.start()    BEGIN   ******
2020-07-14 13:35:00.194 [pool-1-thread-1] DEBUG com.junction.util.CameraPush - ******   grabber.start()    END     ******
2020-07-14 13:37:00.007 [pool-1-thread-1] DEBUG com.junction.util.CameraPush - ******   TCPCheck    BEGIN   ******
2020-07-14 13:37:00.008 [pool-1-thread-1] DEBUG com.junction.util.CameraPush - ******   TCPCheck    END     ******
2020-07-14 13:37:00.008 [pool-1-thread-1] DEBUG com.junction.util.CameraPush - ******   grabber.start()    BEGIN   ******
2020-07-14 13:37:00.227 [pool-1-thread-1] DEBUG com.junction.util.CameraPush - ******   grabber.start()    END     ******
2020-07-14 13:39:00.003 [pool-1-thread-1] DEBUG com.junction.util.CameraPush - ******   TCPCheck    BEGIN   ******
2020-07-14 13:39:00.004 [pool-1-thread-1] DEBUG com.junction.util.CameraPush - ******   TCPCheck    END     ******
2020-07-14 13:39:00.004 [pool-1-thread-1] DEBUG com.junction.util.CameraPush - ******   grabber.start()    BEGIN   ******
2020-07-14 13:39:00.273 [pool-1-thread-1] DEBUG com.junction.util.CameraPush - ******   grabber.start()    END     ******
2020-07-14 13:41:00.005 [pool-1-thread-1] DEBUG com.junction.util.CameraPush - ******   TCPCheck    BEGIN   ******
2020-07-14 13:41:00.006 [pool-1-thread-1] DEBUG com.junction.util.CameraPush - ******   TCPCheck    END     ******
2020-07-14 13:41:00.006 [pool-1-thread-1] DEBUG com.junction.util.CameraPush - ******   grabber.start()    BEGIN   ******
2020-07-14 13:41:00.235 [pool-1-thread-1] DEBUG com.junction.util.CameraPush - ******   grabber.start()    END     ******
2020-07-14 13:43:00.007 [pool-1-thread-1] DEBUG com.junction.util.CameraPush - ******   TCPCheck    BEGIN   ******
2020-07-14 13:43:00.008 [pool-1-thread-1] DEBUG com.junction.util.CameraPush - ******   TCPCheck    END     ******
2020-07-14 13:43:00.008 [pool-1-thread-1] DEBUG com.junction.util.CameraPush - ******   grabber.start()    BEGIN   ******
2020-07-14 13:43:00.209 [pool-1-thread-1] DEBUG com.junction.util.CameraPush - ******   grabber.start()    END     ******
2020-07-14 13:45:00.005 [pool-1-thread-1] DEBUG com.junction.util.CameraPush - ******   TCPCheck    BEGIN   ******
2020-07-14 13:45:00.006 [pool-1-thread-1] DEBUG com.junction.util.CameraPush - ******   TCPCheck    END     ******
2020-07-14 13:45:00.006 [pool-1-thread-1] DEBUG com.junction.util.CameraPush - ******   grabber.start()    BEGIN   ******
2020-07-14 13:45:00.272 [pool-1-thread-1] DEBUG com.junction.util.CameraPush - ******   grabber.start()    END     ******
2020-07-14 13:47:00.005 [pool-1-thread-1] DEBUG com.junction.util.CameraPush - ******   TCPCheck    BEGIN   ******
2020-07-14 13:47:00.006 [pool-1-thread-1] DEBUG com.junction.util.CameraPush - ******   TCPCheck    END     ******
2020-07-14 13:47:00.006 [pool-1-thread-1] DEBUG com.junction.util.CameraPush - ******   grabber.start()    BEGIN   ******
2020-07-14 13:47:00.119 [pool-1-thread-1] DEBUG com.junction.util.CameraPush - ******   grabber.start()    END     ******
2020-07-14 13:49:00.004 [pool-1-thread-1] DEBUG com.junction.util.CameraPush - ******   TCPCheck    BEGIN   ******
2020-07-14 13:49:00.005 [pool-1-thread-1] DEBUG com.junction.util.CameraPush - ******   TCPCheck    END     ******
2020-07-14 13:49:00.005 [pool-1-thread-1] DEBUG com.junction.util.CameraPush - ******   grabber.start()    BEGIN   ******
2020-07-14 13:49:00.223 [pool-1-thread-1] DEBUG com.junction.util.CameraPush - ******   grabber.start()    END     ******
2020-07-14 13:51:00.007 [pool-1-thread-1] DEBUG com.junction.util.CameraPush - ******   TCPCheck    BEGIN   ******
2020-07-14 13:51:00.008 [pool-1-thread-1] DEBUG com.junction.util.CameraPush - ******   TCPCheck    END     ******
2020-07-14 13:51:00.008 [pool-1-thread-1] DEBUG com.junction.util.CameraPush - ******   grabber.start()    BEGIN   ******
2020-07-14 13:51:00.134 [pool-1-thread-1] DEBUG com.junction.util.CameraPush - ******   grabber.start()    END     ******
2020-07-14 13:53:00.005 [pool-1-thread-1] DEBUG com.junction.util.CameraPush - ******   TCPCheck    BEGIN   ******
2020-07-14 13:53:00.006 [pool-1-thread-1] DEBUG com.junction.util.CameraPush - ******   TCPCheck    END     ******
2020-07-14 13:53:00.006 [pool-1-thread-1] DEBUG com.junction.util.CameraPush - ******   grabber.start()    BEGIN   ******
2020-07-14 13:53:00.197 [pool-1-thread-1] DEBUG com.junction.util.CameraPush - ******   grabber.start()    END     ******
2020-07-14 13:55:00.004 [pool-1-thread-1] DEBUG com.junction.util.CameraPush - ******   TCPCheck    BEGIN   ******
2020-07-14 13:55:00.006 [pool-1-thread-1] DEBUG com.junction.util.CameraPush - ******   TCPCheck    END     ******
2020-07-14 13:55:00.006 [pool-1-thread-1] DEBUG com.junction.util.CameraPush - ******   grabber.start()    BEGIN   ******
2020-07-14 13:55:00.147 [pool-1-thread-1] DEBUG com.junction.util.CameraPush - ******   grabber.start()    END     ******
2020-07-14 13:57:00.004 [pool-1-thread-1] DEBUG com.junction.util.CameraPush - ******   TCPCheck    BEGIN   ******
2020-07-14 13:57:00.005 [pool-1-thread-1] DEBUG com.junction.util.CameraPush - ******   TCPCheck    END     ******
2020-07-14 13:57:00.005 [pool-1-thread-1] DEBUG com.junction.util.CameraPush - ******   grabber.start()    BEGIN   ******
2020-07-14 13:57:00.196 [pool-1-thread-1] DEBUG com.junction.util.CameraPush - ******   grabber.start()    END     ******
2020-07-14 13:59:00.004 [pool-1-thread-1] DEBUG com.junction.util.CameraPush - ******   TCPCheck    BEGIN   ******
2020-07-14 13:59:00.005 [pool-1-thread-1] DEBUG com.junction.util.CameraPush - ******   TCPCheck    END     ******
2020-07-14 13:59:00.005 [pool-1-thread-1] DEBUG com.junction.util.CameraPush - ******   grabber.start()    BEGIN   ******
2020-07-14 13:59:00.259 [pool-1-thread-1] DEBUG com.junction.util.CameraPush - ******   grabber.start()    END     ******
2020-07-14 14:01:00.004 [pool-1-thread-1] DEBUG com.junction.util.CameraPush - ******   TCPCheck    BEGIN   ******
2020-07-14 14:01:00.005 [pool-1-thread-1] DEBUG com.junction.util.CameraPush - ******   TCPCheck    END     ******
2020-07-14 14:01:00.005 [pool-1-thread-1] DEBUG com.junction.util.CameraPush - ******   grabber.start()    BEGIN   ******
2020-07-14 14:01:00.153 [pool-1-thread-1] DEBUG com.junction.util.CameraPush - ******   grabber.start()    END     ******
2020-07-14 14:03:00.003 [pool-1-thread-1] DEBUG com.junction.util.CameraPush - ******   TCPCheck    BEGIN   ******
2020-07-14 14:03:00.005 [pool-1-thread-1] DEBUG com.junction.util.CameraPush - ******   TCPCheck    END     ******
2020-07-14 14:03:00.005 [pool-1-thread-1] DEBUG com.junction.util.CameraPush - ******   grabber.start()    BEGIN   ******
2020-07-14 14:03:00.267 [pool-1-thread-1] DEBUG com.junction.util.CameraPush - ******   grabber.start()    END     ******
2020-07-14 14:05:00.003 [pool-1-thread-1] DEBUG com.junction.util.CameraPush - ******   TCPCheck    BEGIN   ******
2020-07-14 14:05:00.004 [pool-1-thread-1] DEBUG com.junction.util.CameraPush - ******   TCPCheck    END     ******
2020-07-14 14:05:00.004 [pool-1-thread-1] DEBUG com.junction.util.CameraPush - ******   grabber.start()    BEGIN   ******
2020-07-14 14:05:00.200 [pool-1-thread-1] DEBUG com.junction.util.CameraPush - ******   grabber.start()    END     ******
2020-07-14 14:07:00.005 [pool-1-thread-1] DEBUG com.junction.util.CameraPush - ******   TCPCheck    BEGIN   ******
2020-07-14 14:07:00.006 [pool-1-thread-1] DEBUG com.junction.util.CameraPush - ******   TCPCheck    END     ******
2020-07-14 14:07:00.006 [pool-1-thread-1] DEBUG com.junction.util.CameraPush - ******   grabber.start()    BEGIN   ******
2020-07-14 14:07:00.134 [pool-1-thread-1] DEBUG com.junction.util.CameraPush - ******   grabber.start()    END     ******
2020-07-14 14:09:00.003 [pool-1-thread-1] DEBUG com.junction.util.CameraPush - ******   TCPCheck    BEGIN   ******
2020-07-14 14:09:00.008 [pool-1-thread-1] DEBUG com.junction.util.CameraPush - ******   TCPCheck    END     ******
2020-07-14 14:09:00.008 [pool-1-thread-1] DEBUG com.junction.util.CameraPush - ******   grabber.start()    BEGIN   ******
2020-07-14 14:09:00.168 [pool-1-thread-1] DEBUG com.junction.util.CameraPush - ******   grabber.start()    END     ******
2020-07-14 14:11:00.004 [pool-1-thread-1] DEBUG com.junction.util.CameraPush - ******   TCPCheck    BEGIN   ******
2020-07-14 14:11:00.005 [pool-1-thread-1] DEBUG com.junction.util.CameraPush - ******   TCPCheck    END     ******
2020-07-14 14:11:00.005 [pool-1-thread-1] DEBUG com.junction.util.CameraPush - ******   grabber.start()    BEGIN   ******
2020-07-14 14:11:00.252 [pool-1-thread-1] DEBUG com.junction.util.CameraPush - ******   grabber.start()    END     ******
2020-07-14 14:13:00.007 [pool-1-thread-1] DEBUG com.junction.util.CameraPush - ******   TCPCheck    BEGIN   ******
2020-07-14 14:13:00.009 [pool-1-thread-1] DEBUG com.junction.util.CameraPush - ******   TCPCheck    END     ******
2020-07-14 14:13:00.009 [pool-1-thread-1] DEBUG com.junction.util.CameraPush - ******   grabber.start()    BEGIN   ******
2020-07-14 14:13:00.176 [pool-1-thread-1] DEBUG com.junction.util.CameraPush - ******   grabber.start()    END     ******
2020-07-14 14:15:00.003 [pool-1-thread-1] DEBUG com.junction.util.CameraPush - ******   TCPCheck    BEGIN   ******
2020-07-14 14:15:00.004 [pool-1-thread-1] DEBUG com.junction.util.CameraPush - ******   TCPCheck    END     ******
2020-07-14 14:15:00.004 [pool-1-thread-1] DEBUG com.junction.util.CameraPush - ******   grabber.start()    BEGIN   ******
2020-07-14 14:15:00.180 [pool-1-thread-1] DEBUG com.junction.util.CameraPush - ******   grabber.start()    END     ******
2020-07-14 14:17:00.004 [pool-1-thread-1] DEBUG com.junction.util.CameraPush - ******   TCPCheck    BEGIN   ******
2020-07-14 14:17:00.005 [pool-1-thread-1] DEBUG com.junction.util.CameraPush - ******   TCPCheck    END     ******
2020-07-14 14:17:00.005 [pool-1-thread-1] DEBUG com.junction.util.CameraPush - ******   grabber.start()    BEGIN   ******
2020-07-14 14:17:00.193 [pool-1-thread-1] DEBUG com.junction.util.CameraPush - ******   grabber.start()    END     ******
2020-07-14 14:19:00.004 [pool-1-thread-1] DEBUG com.junction.util.CameraPush - ******   TCPCheck    BEGIN   ******
2020-07-14 14:19:00.005 [pool-1-thread-1] DEBUG com.junction.util.CameraPush - ******   TCPCheck    END     ******
2020-07-14 14:19:00.005 [pool-1-thread-1] DEBUG com.junction.util.CameraPush - ******   grabber.start()    BEGIN   ******
2020-07-14 14:19:00.217 [pool-1-thread-1] DEBUG com.junction.util.CameraPush - ******   grabber.start()    END     ******
2020-07-14 14:21:00.004 [pool-1-thread-1] DEBUG com.junction.util.CameraPush - ******   TCPCheck    BEGIN   ******
2020-07-14 14:21:00.005 [pool-1-thread-1] DEBUG com.junction.util.CameraPush - ******   TCPCheck    END     ******
2020-07-14 14:21:00.005 [pool-1-thread-1] DEBUG com.junction.util.CameraPush - ******   grabber.start()    BEGIN   ******
2020-07-14 14:21:00.201 [pool-1-thread-1] DEBUG com.junction.util.CameraPush - ******   grabber.start()    END     ******
2020-07-14 14:23:00.004 [pool-1-thread-1] DEBUG com.junction.util.CameraPush - ******   TCPCheck    BEGIN   ******
2020-07-14 14:23:00.005 [pool-1-thread-1] DEBUG com.junction.util.CameraPush - ******   TCPCheck    END     ******
2020-07-14 14:23:00.005 [pool-1-thread-1] DEBUG com.junction.util.CameraPush - ******   grabber.start()    BEGIN   ******
2020-07-14 14:23:00.215 [pool-1-thread-1] DEBUG com.junction.util.CameraPush - ******   grabber.start()    END     ******
2020-07-14 14:25:00.006 [pool-1-thread-1] DEBUG com.junction.util.CameraPush - ******   TCPCheck    BEGIN   ******
2020-07-14 14:25:00.007 [pool-1-thread-1] DEBUG com.junction.util.CameraPush - ******   TCPCheck    END     ******
2020-07-14 14:25:00.007 [pool-1-thread-1] DEBUG com.junction.util.CameraPush - ******   grabber.start()    BEGIN   ******
2020-07-14 14:25:00.229 [pool-1-thread-1] DEBUG com.junction.util.CameraPush - ******   grabber.start()    END     ******
2020-07-14 14:27:00.004 [pool-1-thread-1] DEBUG com.junction.util.CameraPush - ******   TCPCheck    BEGIN   ******
2020-07-14 14:27:00.005 [pool-1-thread-1] DEBUG com.junction.util.CameraPush - ******   TCPCheck    END     ******
2020-07-14 14:27:00.005 [pool-1-thread-1] DEBUG com.junction.util.CameraPush - ******   grabber.start()    BEGIN   ******
2020-07-14 14:27:00.148 [pool-1-thread-1] DEBUG com.junction.util.CameraPush - ******   grabber.start()    END     ******
2020-07-14 14:29:00.005 [pool-1-thread-1] DEBUG com.junction.util.CameraPush - ******   TCPCheck    BEGIN   ******
2020-07-14 14:29:00.006 [pool-1-thread-1] DEBUG com.junction.util.CameraPush - ******   TCPCheck    END     ******
2020-07-14 14:29:00.006 [pool-1-thread-1] DEBUG com.junction.util.CameraPush - ******   grabber.start()    BEGIN   ******
2020-07-14 14:29:00.206 [pool-1-thread-1] DEBUG com.junction.util.CameraPush - ******   grabber.start()    END     ******
2020-07-14 14:31:00.004 [pool-1-thread-1] DEBUG com.junction.util.CameraPush - ******   TCPCheck    BEGIN   ******
2020-07-14 14:31:00.005 [pool-1-thread-1] DEBUG com.junction.util.CameraPush - ******   TCPCheck    END     ******
2020-07-14 14:31:00.005 [pool-1-thread-1] DEBUG com.junction.util.CameraPush - ******   grabber.start()    BEGIN   ******
2020-07-14 14:31:00.199 [pool-1-thread-1] DEBUG com.junction.util.CameraPush - ******   grabber.start()    END     ******
2020-07-14 14:33:00.007 [pool-1-thread-1] DEBUG com.junction.util.CameraPush - ******   TCPCheck    BEGIN   ******
2020-07-14 14:33:00.008 [pool-1-thread-1] DEBUG com.junction.util.CameraPush - ******   TCPCheck    END     ******
2020-07-14 14:33:00.008 [pool-1-thread-1] DEBUG com.junction.util.CameraPush - ******   grabber.start()    BEGIN   ******
2020-07-14 14:33:00.195 [pool-1-thread-1] DEBUG com.junction.util.CameraPush - ******   grabber.start()    END     ******
2020-07-14 14:35:00.006 [pool-1-thread-1] DEBUG com.junction.util.CameraPush - ******   TCPCheck    BEGIN   ******
2020-07-14 14:35:00.007 [pool-1-thread-1] DEBUG com.junction.util.CameraPush - ******   TCPCheck    END     ******
2020-07-14 14:35:00.007 [pool-1-thread-1] DEBUG com.junction.util.CameraPush - ******   grabber.start()    BEGIN   ******
2020-07-14 14:35:00.207 [pool-1-thread-1] DEBUG com.junction.util.CameraPush - ******   grabber.start()    END     ******
2020-07-14 14:37:00.007 [pool-1-thread-1] DEBUG com.junction.util.CameraPush - ******   TCPCheck    BEGIN   ******
2020-07-14 14:37:00.008 [pool-1-thread-1] DEBUG com.junction.util.CameraPush - ******   TCPCheck    END     ******
2020-07-14 14:37:00.009 [pool-1-thread-1] DEBUG com.junction.util.CameraPush - ******   grabber.start()    BEGIN   ******
2020-07-14 14:37:00.113 [pool-1-thread-1] DEBUG com.junction.util.CameraPush - ******   grabber.start()    END     ******
2020-07-14 14:39:00.004 [pool-1-thread-1] DEBUG com.junction.util.CameraPush - ******   TCPCheck    BEGIN   ******
2020-07-14 14:39:00.005 [pool-1-thread-1] DEBUG com.junction.util.CameraPush - ******   TCPCheck    END     ******
2020-07-14 14:39:00.005 [pool-1-thread-1] DEBUG com.junction.util.CameraPush - ******   grabber.start()    BEGIN   ******
2020-07-14 14:39:00.218 [pool-1-thread-1] DEBUG com.junction.util.CameraPush - ******   grabber.start()    END     ******
2020-07-14 14:41:00.005 [pool-1-thread-1] DEBUG com.junction.util.CameraPush - ******   TCPCheck    BEGIN   ******
2020-07-14 14:41:00.006 [pool-1-thread-1] DEBUG com.junction.util.CameraPush - ******   TCPCheck    END     ******
2020-07-14 14:41:00.006 [pool-1-thread-1] DEBUG com.junction.util.CameraPush - ******   grabber.start()    BEGIN   ******
2020-07-14 14:41:00.209 [pool-1-thread-1] DEBUG com.junction.util.CameraPush - ******   grabber.start()    END     ******
2020-07-14 14:43:00.003 [pool-1-thread-1] DEBUG com.junction.util.CameraPush - ******   TCPCheck    BEGIN   ******
2020-07-14 14:43:00.004 [pool-1-thread-1] DEBUG com.junction.util.CameraPush - ******   TCPCheck    END     ******
2020-07-14 14:43:00.004 [pool-1-thread-1] DEBUG com.junction.util.CameraPush - ******   grabber.start()    BEGIN   ******
2020-07-14 14:43:00.212 [pool-1-thread-1] DEBUG com.junction.util.CameraPush - ******   grabber.start()    END     ******
2020-07-14 14:45:00.005 [pool-1-thread-1] DEBUG com.junction.util.CameraPush - ******   TCPCheck    BEGIN   ******
2020-07-14 14:45:00.006 [pool-1-thread-1] DEBUG com.junction.util.CameraPush - ******   TCPCheck    END     ******
2020-07-14 14:45:00.006 [pool-1-thread-1] DEBUG com.junction.util.CameraPush - ******   grabber.start()    BEGIN   ******
2020-07-14 14:45:00.206 [pool-1-thread-1] DEBUG com.junction.util.CameraPush - ******   grabber.start()    END     ******
2020-07-14 14:47:00.004 [pool-1-thread-1] DEBUG com.junction.util.CameraPush - ******   TCPCheck    BEGIN   ******
2020-07-14 14:47:00.005 [pool-1-thread-1] DEBUG com.junction.util.CameraPush - ******   TCPCheck    END     ******
2020-07-14 14:47:00.005 [pool-1-thread-1] DEBUG com.junction.util.CameraPush - ******   grabber.start()    BEGIN   ******
2020-07-14 14:47:00.120 [pool-1-thread-1] DEBUG com.junction.util.CameraPush - ******   grabber.start()    END     ******
2020-07-14 14:49:00.005 [pool-1-thread-1] DEBUG com.junction.util.CameraPush - ******   TCPCheck    BEGIN   ******
2020-07-14 14:49:00.008 [pool-1-thread-1] DEBUG com.junction.util.CameraPush - ******   TCPCheck    END     ******
2020-07-14 14:49:00.008 [pool-1-thread-1] DEBUG com.junction.util.CameraPush - ******   grabber.start()    BEGIN   ******
2020-07-14 14:49:00.203 [pool-1-thread-1] DEBUG com.junction.util.CameraPush - ******   grabber.start()    END     ******
2020-07-14 14:51:00.004 [pool-1-thread-1] DEBUG com.junction.util.CameraPush - ******   TCPCheck    BEGIN   ******
2020-07-14 14:51:00.005 [pool-1-thread-1] DEBUG com.junction.util.CameraPush - ******   TCPCheck    END     ******
2020-07-14 14:51:00.005 [pool-1-thread-1] DEBUG com.junction.util.CameraPush - ******   grabber.start()    BEGIN   ******
2020-07-14 14:51:00.196 [pool-1-thread-1] DEBUG com.junction.util.CameraPush - ******   grabber.start()    END     ******
2020-07-14 14:53:00.004 [pool-1-thread-1] DEBUG com.junction.util.CameraPush - ******   TCPCheck    BEGIN   ******
2020-07-14 14:53:00.005 [pool-1-thread-1] DEBUG com.junction.util.CameraPush - ******   TCPCheck    END     ******
2020-07-14 14:53:00.005 [pool-1-thread-1] DEBUG com.junction.util.CameraPush - ******   grabber.start()    BEGIN   ******
2020-07-14 14:53:00.210 [pool-1-thread-1] DEBUG com.junction.util.CameraPush - ******   grabber.start()    END     ******
2020-07-14 14:55:00.005 [pool-1-thread-1] DEBUG com.junction.util.CameraPush - ******   TCPCheck    BEGIN   ******
2020-07-14 14:55:00.006 [pool-1-thread-1] DEBUG com.junction.util.CameraPush - ******   TCPCheck    END     ******
2020-07-14 14:55:00.006 [pool-1-thread-1] DEBUG com.junction.util.CameraPush - ******   grabber.start()    BEGIN   ******
2020-07-14 14:55:00.145 [pool-1-thread-1] DEBUG com.junction.util.CameraPush - ******   grabber.start()    END     ******
2020-07-14 14:57:00.007 [pool-1-thread-1] DEBUG com.junction.util.CameraPush - ******   TCPCheck    BEGIN   ******
2020-07-14 14:57:00.008 [pool-1-thread-1] DEBUG com.junction.util.CameraPush - ******   TCPCheck    END     ******
2020-07-14 14:57:00.008 [pool-1-thread-1] DEBUG com.junction.util.CameraPush - ******   grabber.start()    BEGIN   ******
2020-07-14 14:57:00.208 [pool-1-thread-1] DEBUG com.junction.util.CameraPush - ******   grabber.start()    END     ******
2020-07-14 14:59:00.004 [pool-1-thread-1] DEBUG com.junction.util.CameraPush - ******   TCPCheck    BEGIN   ******
2020-07-14 14:59:00.005 [pool-1-thread-1] DEBUG com.junction.util.CameraPush - ******   TCPCheck    END     ******
2020-07-14 14:59:00.005 [pool-1-thread-1] DEBUG com.junction.util.CameraPush - ******   grabber.start()    BEGIN   ******
2020-07-14 14:59:00.201 [pool-1-thread-1] DEBUG com.junction.util.CameraPush - ******   grabber.start()    END     ******
2020-07-14 15:01:00.004 [pool-1-thread-1] DEBUG com.junction.util.CameraPush - ******   TCPCheck    BEGIN   ******
2020-07-14 15:01:00.005 [pool-1-thread-1] DEBUG com.junction.util.CameraPush - ******   TCPCheck    END     ******
2020-07-14 15:01:00.005 [pool-1-thread-1] DEBUG com.junction.util.CameraPush - ******   grabber.start()    BEGIN   ******
2020-07-14 15:01:00.244 [pool-1-thread-1] DEBUG com.junction.util.CameraPush - ******   grabber.start()    END     ******
2020-07-14 15:03:00.004 [pool-1-thread-1] DEBUG com.junction.util.CameraPush - ******   TCPCheck    BEGIN   ******
2020-07-14 15:03:00.005 [pool-1-thread-1] DEBUG com.junction.util.CameraPush - ******   TCPCheck    END     ******
2020-07-14 15:03:00.005 [pool-1-thread-1] DEBUG com.junction.util.CameraPush - ******   grabber.start()    BEGIN   ******
2020-07-14 15:03:00.172 [pool-1-thread-1] DEBUG com.junction.util.CameraPush - ******   grabber.start()    END     ******
2020-07-14 15:05:00.004 [pool-1-thread-1] DEBUG com.junction.util.CameraPush - ******   TCPCheck    BEGIN   ******
2020-07-14 15:05:00.005 [pool-1-thread-1] DEBUG com.junction.util.CameraPush - ******   TCPCheck    END     ******
2020-07-14 15:05:00.005 [pool-1-thread-1] DEBUG com.junction.util.CameraPush - ******   grabber.start()    BEGIN   ******
2020-07-14 15:05:00.224 [pool-1-thread-1] DEBUG com.junction.util.CameraPush - ******   grabber.start()    END     ******
2020-07-14 15:07:00.008 [pool-1-thread-1] DEBUG com.junction.util.CameraPush - ******   TCPCheck    BEGIN   ******
2020-07-14 15:07:00.009 [pool-1-thread-1] DEBUG com.junction.util.CameraPush - ******   TCPCheck    END     ******
2020-07-14 15:07:00.009 [pool-1-thread-1] DEBUG com.junction.util.CameraPush - ******   grabber.start()    BEGIN   ******
2020-07-14 15:07:00.237 [pool-1-thread-1] DEBUG com.junction.util.CameraPush - ******   grabber.start()    END     ******
2020-07-14 15:09:00.007 [pool-1-thread-1] DEBUG com.junction.util.CameraPush - ******   TCPCheck    BEGIN   ******
2020-07-14 15:09:00.008 [pool-1-thread-1] DEBUG com.junction.util.CameraPush - ******   TCPCheck    END     ******
2020-07-14 15:09:00.008 [pool-1-thread-1] DEBUG com.junction.util.CameraPush - ******   grabber.start()    BEGIN   ******
2020-07-14 15:09:00.216 [pool-1-thread-1] DEBUG com.junction.util.CameraPush - ******   grabber.start()    END     ******
2020-07-14 15:11:00.003 [pool-1-thread-1] DEBUG com.junction.util.CameraPush - ******   TCPCheck    BEGIN   ******
2020-07-14 15:11:00.005 [pool-1-thread-1] DEBUG com.junction.util.CameraPush - ******   TCPCheck    END     ******
2020-07-14 15:11:00.005 [pool-1-thread-1] DEBUG com.junction.util.CameraPush - ******   grabber.start()    BEGIN   ******
2020-07-14 15:11:00.215 [pool-1-thread-1] DEBUG com.junction.util.CameraPush - ******   grabber.start()    END     ******
2020-07-14 15:13:00.005 [pool-1-thread-1] DEBUG com.junction.util.CameraPush - ******   TCPCheck    BEGIN   ******
2020-07-14 15:13:00.006 [pool-1-thread-1] DEBUG com.junction.util.CameraPush - ******   TCPCheck    END     ******
2020-07-14 15:13:00.006 [pool-1-thread-1] DEBUG com.junction.util.CameraPush - ******   grabber.start()    BEGIN   ******
2020-07-14 15:13:00.258 [pool-1-thread-1] DEBUG com.junction.util.CameraPush - ******   grabber.start()    END     ******
2020-07-14 15:15:00.004 [pool-1-thread-1] DEBUG com.junction.util.CameraPush - ******   TCPCheck    BEGIN   ******
2020-07-14 15:15:00.005 [pool-1-thread-1] DEBUG com.junction.util.CameraPush - ******   TCPCheck    END     ******
2020-07-14 15:15:00.005 [pool-1-thread-1] DEBUG com.junction.util.CameraPush - ******   grabber.start()    BEGIN   ******
2020-07-14 15:15:00.242 [pool-1-thread-1] DEBUG com.junction.util.CameraPush - ******   grabber.start()    END     ******
2020-07-14 16:12:14.478 [pool-1-thread-1] DEBUG com.junction.util.CameraPush - ******   TCPCheck    BEGIN   ******
2020-07-14 16:12:14.479 [pool-1-thread-1] DEBUG com.junction.util.CameraPush - ******   TCPCheck    END     ******
2020-07-14 16:12:14.479 [pool-1-thread-1] DEBUG com.junction.util.CameraPush - ******   grabber.start()    BEGIN   ******
2020-07-14 16:12:14.617 [pool-1-thread-1] DEBUG com.junction.util.CameraPush - ******   grabber.start()    END     ******
2020-07-14 16:14:00.007 [pool-1-thread-1] DEBUG com.junction.util.CameraPush - ******   TCPCheck    BEGIN   ******
2020-07-14 16:14:00.008 [pool-1-thread-1] DEBUG com.junction.util.CameraPush - ******   TCPCheck    END     ******
2020-07-14 16:14:00.008 [pool-1-thread-1] DEBUG com.junction.util.CameraPush - ******   grabber.start()    BEGIN   ******
2020-07-14 16:14:00.199 [pool-1-thread-1] DEBUG com.junction.util.CameraPush - ******   grabber.start()    END     ******
2020-07-14 16:16:00.004 [pool-1-thread-1] DEBUG com.junction.util.CameraPush - ******   TCPCheck    BEGIN   ******
2020-07-14 16:16:00.005 [pool-1-thread-1] DEBUG com.junction.util.CameraPush - ******   TCPCheck    END     ******
2020-07-14 16:16:00.006 [pool-1-thread-1] DEBUG com.junction.util.CameraPush - ******   grabber.start()    BEGIN   ******
2020-07-14 16:16:00.153 [pool-1-thread-1] DEBUG com.junction.util.CameraPush - ******   grabber.start()    END     ******
2020-07-14 16:18:00.005 [pool-1-thread-1] DEBUG com.junction.util.CameraPush - ******   TCPCheck    BEGIN   ******
2020-07-14 16:18:00.006 [pool-1-thread-1] DEBUG com.junction.util.CameraPush - ******   TCPCheck    END     ******
2020-07-14 16:18:00.006 [pool-1-thread-1] DEBUG com.junction.util.CameraPush - ******   grabber.start()    BEGIN   ******
2020-07-14 16:18:00.207 [pool-1-thread-1] DEBUG com.junction.util.CameraPush - ******   grabber.start()    END     ******
2020-07-14 16:20:00.004 [pool-1-thread-1] DEBUG com.junction.util.CameraPush - ******   TCPCheck    BEGIN   ******
2020-07-14 16:20:00.005 [pool-1-thread-1] DEBUG com.junction.util.CameraPush - ******   TCPCheck    END     ******
2020-07-14 16:20:00.005 [pool-1-thread-1] DEBUG com.junction.util.CameraPush - ******   grabber.start()    BEGIN   ******
2020-07-14 16:20:00.276 [pool-1-thread-1] DEBUG com.junction.util.CameraPush - ******   grabber.start()    END     ******
2020-07-14 16:22:00.005 [pool-1-thread-1] DEBUG com.junction.util.CameraPush - ******   TCPCheck    BEGIN   ******
2020-07-14 16:22:00.006 [pool-1-thread-1] DEBUG com.junction.util.CameraPush - ******   TCPCheck    END     ******
2020-07-14 16:22:00.006 [pool-1-thread-1] DEBUG com.junction.util.CameraPush - ******   grabber.start()    BEGIN   ******
2020-07-14 16:22:00.266 [pool-1-thread-1] DEBUG com.junction.util.CameraPush - ******   grabber.start()    END     ******
2020-07-14 16:24:00.004 [pool-1-thread-1] DEBUG com.junction.util.CameraPush - ******   TCPCheck    BEGIN   ******
2020-07-14 16:24:00.005 [pool-1-thread-1] DEBUG com.junction.util.CameraPush - ******   TCPCheck    END     ******
2020-07-14 16:24:00.005 [pool-1-thread-1] DEBUG com.junction.util.CameraPush - ******   grabber.start()    BEGIN   ******
2020-07-14 16:24:00.209 [pool-1-thread-1] DEBUG com.junction.util.CameraPush - ******   grabber.start()    END     ******
2020-07-14 16:26:00.007 [pool-1-thread-1] DEBUG com.junction.util.CameraPush - ******   TCPCheck    BEGIN   ******
2020-07-14 16:26:00.008 [pool-1-thread-1] DEBUG com.junction.util.CameraPush - ******   TCPCheck    END     ******
2020-07-14 16:26:00.008 [pool-1-thread-1] DEBUG com.junction.util.CameraPush - ******   grabber.start()    BEGIN   ******
2020-07-14 16:26:00.153 [pool-1-thread-1] DEBUG com.junction.util.CameraPush - ******   grabber.start()    END     ******
2020-07-14 16:28:00.008 [pool-1-thread-1] DEBUG com.junction.util.CameraPush - ******   TCPCheck    BEGIN   ******
2020-07-14 16:28:00.009 [pool-1-thread-1] DEBUG com.junction.util.CameraPush - ******   TCPCheck    END     ******
2020-07-14 16:28:00.009 [pool-1-thread-1] DEBUG com.junction.util.CameraPush - ******   grabber.start()    BEGIN   ******
2020-07-14 16:28:00.162 [pool-1-thread-1] DEBUG com.junction.util.CameraPush - ******   grabber.start()    END     ******
2020-07-14 16:30:00.004 [pool-1-thread-1] DEBUG com.junction.util.CameraPush - ******   TCPCheck    BEGIN   ******
2020-07-14 16:30:00.005 [pool-1-thread-1] DEBUG com.junction.util.CameraPush - ******   TCPCheck    END     ******
2020-07-14 16:30:00.005 [pool-1-thread-1] DEBUG com.junction.util.CameraPush - ******   grabber.start()    BEGIN   ******
2020-07-14 16:30:00.141 [pool-1-thread-1] DEBUG com.junction.util.CameraPush - ******   grabber.start()    END     ******
2020-07-14 16:32:00.004 [pool-1-thread-1] DEBUG com.junction.util.CameraPush - ******   TCPCheck    BEGIN   ******
2020-07-14 16:32:00.005 [pool-1-thread-1] DEBUG com.junction.util.CameraPush - ******   TCPCheck    END     ******
2020-07-14 16:32:00.005 [pool-1-thread-1] DEBUG com.junction.util.CameraPush - ******   grabber.start()    BEGIN   ******
2020-07-14 16:32:00.154 [pool-1-thread-1] DEBUG com.junction.util.CameraPush - ******   grabber.start()    END     ******
2020-07-14 16:34:00.004 [pool-1-thread-1] DEBUG com.junction.util.CameraPush - ******   TCPCheck    BEGIN   ******
2020-07-14 16:34:00.005 [pool-1-thread-1] DEBUG com.junction.util.CameraPush - ******   TCPCheck    END     ******
2020-07-14 16:34:00.005 [pool-1-thread-1] DEBUG com.junction.util.CameraPush - ******   grabber.start()    BEGIN   ******
2020-07-14 16:34:00.139 [pool-1-thread-1] DEBUG com.junction.util.CameraPush - ******   grabber.start()    END     ******
2020-07-14 16:36:00.003 [pool-1-thread-1] DEBUG com.junction.util.CameraPush - ******   TCPCheck    BEGIN   ******
2020-07-14 16:36:00.004 [pool-1-thread-1] DEBUG com.junction.util.CameraPush - ******   TCPCheck    END     ******
2020-07-14 16:36:00.004 [pool-1-thread-1] DEBUG com.junction.util.CameraPush - ******   grabber.start()    BEGIN   ******
2020-07-14 16:36:00.233 [pool-1-thread-1] DEBUG com.junction.util.CameraPush - ******   grabber.start()    END     ******
2020-07-14 16:38:00.004 [pool-1-thread-1] DEBUG com.junction.util.CameraPush - ******   TCPCheck    BEGIN   ******
2020-07-14 16:38:00.005 [pool-1-thread-1] DEBUG com.junction.util.CameraPush - ******   TCPCheck    END     ******
2020-07-14 16:38:00.005 [pool-1-thread-1] DEBUG com.junction.util.CameraPush - ******   grabber.start()    BEGIN   ******
2020-07-14 16:38:00.175 [pool-1-thread-1] DEBUG com.junction.util.CameraPush - ******   grabber.start()    END     ******
2020-07-14 16:40:00.004 [pool-1-thread-1] DEBUG com.junction.util.CameraPush - ******   TCPCheck    BEGIN   ******
2020-07-14 16:40:00.005 [pool-1-thread-1] DEBUG com.junction.util.CameraPush - ******   TCPCheck    END     ******
2020-07-14 16:40:00.005 [pool-1-thread-1] DEBUG com.junction.util.CameraPush - ******   grabber.start()    BEGIN   ******
2020-07-14 16:40:00.189 [pool-1-thread-1] DEBUG com.junction.util.CameraPush - ******   grabber.start()    END     ******
2020-07-14 16:42:00.005 [pool-1-thread-1] DEBUG com.junction.util.CameraPush - ******   TCPCheck    BEGIN   ******
2020-07-14 16:42:00.006 [pool-1-thread-1] DEBUG com.junction.util.CameraPush - ******   TCPCheck    END     ******
2020-07-14 16:42:00.006 [pool-1-thread-1] DEBUG com.junction.util.CameraPush - ******   grabber.start()    BEGIN   ******
2020-07-14 16:42:00.243 [pool-1-thread-1] DEBUG com.junction.util.CameraPush - ******   grabber.start()    END     ******
2020-07-14 18:09:57.774 [pool-1-thread-1] DEBUG com.junction.util.CameraPush - ******   TCPCheck    BEGIN   ******
2020-07-14 18:10:00.004 [pool-1-thread-1] DEBUG com.junction.util.CameraPush - ******   TCPCheck    BEGIN   ******
2020-07-14 18:11:00.006 [pool-1-thread-1] DEBUG com.junction.util.CameraPush - ******   TCPCheck    BEGIN   ******
2020-07-14 18:12:00.004 [pool-1-thread-1] DEBUG com.junction.util.CameraPush - ******   TCPCheck    BEGIN   ******
2020-07-14 18:13:00.003 [pool-1-thread-1] DEBUG com.junction.util.CameraPush - ******   TCPCheck    BEGIN   ******
2020-07-14 18:14:00.006 [pool-1-thread-1] DEBUG com.junction.util.CameraPush - ******   TCPCheck    BEGIN   ******
2020-07-14 18:15:00.004 [pool-1-thread-1] DEBUG com.junction.util.CameraPush - ******   TCPCheck    BEGIN   ******
2020-07-14 18:16:00.004 [pool-1-thread-1] DEBUG com.junction.util.CameraPush - ******   TCPCheck    BEGIN   ******
2020-07-14 18:17:00.004 [pool-1-thread-1] DEBUG com.junction.util.CameraPush - ******   TCPCheck    BEGIN   ******
2020-07-14 18:18:00.004 [pool-1-thread-1] DEBUG com.junction.util.CameraPush - ******   TCPCheck    BEGIN   ******
2020-07-14 18:19:00.003 [pool-1-thread-1] DEBUG com.junction.util.CameraPush - ******   TCPCheck    BEGIN   ******
2020-07-14 18:20:00.005 [pool-1-thread-1] DEBUG com.junction.util.CameraPush - ******   TCPCheck    BEGIN   ******
2020-07-14 18:21:00.004 [pool-1-thread-1] DEBUG com.junction.util.CameraPush - ******   TCPCheck    BEGIN   ******
2020-07-14 18:22:00.003 [pool-1-thread-1] DEBUG com.junction.util.CameraPush - ******   TCPCheck    BEGIN   ******
2020-07-14 18:23:00.006 [pool-1-thread-1] DEBUG com.junction.util.CameraPush - ******   TCPCheck    BEGIN   ******
2020-07-14 18:24:00.004 [pool-1-thread-1] DEBUG com.junction.util.CameraPush - ******   TCPCheck    BEGIN   ******
2020-07-14 18:25:00.004 [pool-1-thread-1] DEBUG com.junction.util.CameraPush - ******   TCPCheck    BEGIN   ******
2020-07-14 18:26:00.004 [pool-1-thread-1] DEBUG com.junction.util.CameraPush - ******   TCPCheck    BEGIN   ******
2020-07-14 18:27:00.003 [pool-1-thread-1] DEBUG com.junction.util.CameraPush - ******   TCPCheck    BEGIN   ******
2020-07-14 18:28:00.005 [pool-1-thread-1] DEBUG com.junction.util.CameraPush - ******   TCPCheck    BEGIN   ******
2020-07-14 18:29:00.004 [pool-1-thread-1] DEBUG com.junction.util.CameraPush - ******   TCPCheck    BEGIN   ******
2020-07-14 18:30:00.006 [pool-1-thread-1] DEBUG com.junction.util.CameraPush - ******   TCPCheck    BEGIN   ******
2020-07-14 18:31:00.004 [pool-1-thread-1] DEBUG com.junction.util.CameraPush - ******   TCPCheck    BEGIN   ******
2020-07-14 18:32:00.003 [pool-1-thread-1] DEBUG com.junction.util.CameraPush - ******   TCPCheck    BEGIN   ******
2020-07-14 18:33:00.005 [pool-1-thread-1] DEBUG com.junction.util.CameraPush - ******   TCPCheck    BEGIN   ******
2020-07-14 18:34:00.005 [pool-1-thread-1] DEBUG com.junction.util.CameraPush - ******   TCPCheck    BEGIN   ******
2020-07-14 18:35:00.004 [pool-1-thread-1] DEBUG com.junction.util.CameraPush - ******   TCPCheck    BEGIN   ******
2020-07-14 18:36:00.004 [pool-1-thread-1] DEBUG com.junction.util.CameraPush - ******   TCPCheck    BEGIN   ******
2020-07-14 18:37:00.004 [pool-1-thread-1] DEBUG com.junction.util.CameraPush - ******   TCPCheck    BEGIN   ******
2020-07-14 18:38:00.003 [pool-1-thread-1] DEBUG com.junction.util.CameraPush - ******   TCPCheck    BEGIN   ******
2020-07-14 18:39:00.005 [pool-1-thread-1] DEBUG com.junction.util.CameraPush - ******   TCPCheck    BEGIN   ******
2020-07-14 18:40:00.004 [pool-1-thread-1] DEBUG com.junction.util.CameraPush - ******   TCPCheck    BEGIN   ******
2020-07-14 22:05:41.140 [pool-1-thread-1] DEBUG com.junction.util.CameraPush - ******   TCPCheck    BEGIN   ******
2020-07-14 22:06:00.004 [pool-1-thread-1] DEBUG com.junction.util.CameraPush - ******   TCPCheck    BEGIN   ******
2020-07-14 22:07:00.004 [pool-1-thread-1] DEBUG com.junction.util.CameraPush - ******   TCPCheck    BEGIN   ******
2020-07-14 22:08:00.004 [pool-1-thread-1] DEBUG com.junction.util.CameraPush - ******   TCPCheck    BEGIN   ******
2020-07-14 22:09:00.004 [pool-1-thread-1] DEBUG com.junction.util.CameraPush - ******   TCPCheck    BEGIN   ******
2020-07-14 22:10:00.004 [pool-1-thread-1] DEBUG com.junction.util.CameraPush - ******   TCPCheck    BEGIN   ******
2020-07-14 22:11:00.004 [pool-1-thread-1] DEBUG com.junction.util.CameraPush - ******   TCPCheck    BEGIN   ******
2020-07-14 22:12:00.004 [pool-1-thread-1] DEBUG com.junction.util.CameraPush - ******   TCPCheck    BEGIN   ******
2020-07-14 22:13:00.003 [pool-1-thread-1] DEBUG com.junction.util.CameraPush - ******   TCPCheck    BEGIN   ******
2020-07-14 22:14:00.005 [pool-1-thread-1] DEBUG com.junction.util.CameraPush - ******   TCPCheck    BEGIN   ******
2020-07-14 22:15:00.004 [pool-1-thread-1] DEBUG com.junction.util.CameraPush - ******   TCPCheck    BEGIN   ******
2020-07-14 22:16:00.003 [pool-1-thread-1] DEBUG com.junction.util.CameraPush - ******   TCPCheck    BEGIN   ******
2020-07-14 22:17:00.005 [pool-1-thread-1] DEBUG com.junction.util.CameraPush - ******   TCPCheck    BEGIN   ******
2020-07-14 22:18:00.005 [pool-1-thread-1] DEBUG com.junction.util.CameraPush - ******   TCPCheck    BEGIN   ******
2020-07-14 22:19:00.003 [pool-1-thread-1] DEBUG com.junction.util.CameraPush - ******   TCPCheck    BEGIN   ******
2020-07-14 22:20:00.006 [pool-1-thread-1] DEBUG com.junction.util.CameraPush - ******   TCPCheck    BEGIN   ******
2020-07-14 22:21:00.003 [pool-1-thread-1] DEBUG com.junction.util.CameraPush - ******   TCPCheck    BEGIN   ******
2020-07-14 22:22:00.005 [pool-1-thread-1] DEBUG com.junction.util.CameraPush - ******   TCPCheck    BEGIN   ******
