2020-07-03 14:41:17.911 [main] DEBUG com.junction.CameraServerApplication - Running with Spring Boot v2.2.2.RELEASE, Spring v5.2.2.RELEASE
2020-07-03 15:43:36.305 [main] DEBUG com.junction.CameraServerApplication - Running with Spring Boot v2.2.2.RELEASE, Spring v5.2.2.RELEASE
2020-07-03 15:48:16.322 [main] DEBUG com.junction.CameraServerApplication - Running with Spring Boot v2.2.2.RELEASE, Spring v5.2.2.RELEASE
2020-07-03 15:48:56.337 [main] DEBUG com.junction.CameraServerApplication - Running with Spring Boot v2.2.2.RELEASE, Spring v5.2.2.RELEASE
2020-07-03 15:52:06.842 [pool-1-thread-1] DEBUG com.junction.util.CameraPush - ******   TCPCheck    BEGIN   ******
2020-07-03 15:52:16.765 [main] DEBUG com.junction.CameraServerApplication - Running with Spring Boot v2.2.2.RELEASE, Spring v5.2.2.RELEASE
2020-07-03 15:52:31.149 [pool-1-thread-1] DEBUG com.junction.util.CameraPush - ******   TCPCheck    BEGIN   ******
2020-07-03 15:52:35.250 [main] DEBUG com.junction.CameraServerApplication - Running with Spring Boot v2.2.2.RELEASE, Spring v5.2.2.RELEASE
2020-07-03 15:52:54.254 [main] DEBUG com.junction.CameraServerApplication - Running with Spring Boot v2.2.2.RELEASE, Spring v5.2.2.RELEASE
2020-07-03 15:53:01.875 [pool-1-thread-1] DEBUG com.junction.util.CameraPush - ******   TCPCheck    BEGIN   ******
2020-07-03 15:57:21.712 [pool-1-thread-2] DEBUG com.junction.util.CameraPush - ******   TCPCheck    BEGIN   ******
2020-07-03 15:57:27.574 [main] DEBUG com.junction.CameraServerApplication - Running with Spring Boot v2.2.2.RELEASE, Spring v5.2.2.RELEASE
2020-07-03 15:57:30.570 [pool-1-thread-1] DEBUG com.junction.util.CameraPush - ******   TCPCheck    BEGIN   ******
2020-07-03 16:01:51.303 [main] DEBUG com.junction.CameraServerApplication - Running with Spring Boot v2.2.2.RELEASE, Spring v5.2.2.RELEASE
2020-07-03 16:01:56.954 [pool-1-thread-1] DEBUG com.junction.util.CameraPush - ******   TCPCheck    BEGIN   ******
2020-07-03 16:02:33.197 [main] DEBUG com.junction.CameraServerApplication - Running with Spring Boot v2.2.2.RELEASE, Spring v5.2.2.RELEASE
2020-07-03 16:02:36.064 [pool-1-thread-1] DEBUG com.junction.util.CameraPush - ******   TCPCheck    BEGIN   ******
2020-07-03 16:03:04.399 [pool-1-thread-1] DEBUG com.junction.util.CameraPush - ******   TCPCheck    BEGIN   ******
2020-07-03 16:03:04.401 [pool-1-thread-1] DEBUG com.junction.util.CameraPush - ******   TCPCheck    END     ******
2020-07-03 16:03:04.401 [pool-1-thread-1] DEBUG com.junction.util.CameraPush - ******   grabber.start()    BEGIN   ******
2020-07-03 16:03:04.607 [pool-1-thread-1] DEBUG com.junction.util.CameraPush - ******   grabber.start()    END     ******
2020-07-03 16:06:57.946 [main] DEBUG com.junction.CameraServerApplication - Running with Spring Boot v2.2.2.RELEASE, Spring v5.2.2.RELEASE
2020-07-03 16:07:13.006 [pool-1-thread-1] DEBUG com.junction.util.CameraPush - ******   TCPCheck    BEGIN   ******
2020-07-03 16:07:13.008 [pool-1-thread-1] DEBUG com.junction.util.CameraPush - ******   TCPCheck    END     ******
2020-07-03 16:07:13.008 [pool-1-thread-1] DEBUG com.junction.util.CameraPush - ******   grabber.start()    BEGIN   ******
2020-07-03 16:07:13.204 [pool-1-thread-1] DEBUG com.junction.util.CameraPush - ******   grabber.start()    END     ******
2020-07-03 16:11:15.121 [main] DEBUG com.junction.CameraServerApplication - Running with Spring Boot v2.2.2.RELEASE, Spring v5.2.2.RELEASE
2020-07-03 16:49:48.813 [pool-1-thread-1] DEBUG com.junction.util.CameraPush - ******   TCPCheck    BEGIN   ******
2020-07-03 16:49:48.815 [pool-1-thread-1] DEBUG com.junction.util.CameraPush - ******   TCPCheck    END     ******
2020-07-03 16:49:48.815 [pool-1-thread-1] DEBUG com.junction.util.CameraPush - ******   grabber.start()    BEGIN   ******
2020-07-03 16:49:49.072 [pool-1-thread-1] DEBUG com.junction.util.CameraPush - ******   grabber.start()    END     ******
2020-07-03 16:56:15.839 [timeTimer] DEBUG com.junction.util.TimerUtil - [定时任务：]  结束： rtsp://admin:Huangpei120@192.168.1.64:554/h264/ch1/main/av_stream  推流任务！
